<?xml version="1.0" encoding="UTF-8"?>
<testsuite name="FooBarQix.AppTest" tests="1" skipped="0" failures="0" errors="0" timestamp="2020-01-10T16:59:47" hostname="lenny-PC" time="0.001">
  <properties/>
  <testcase name="testAppHasAGreeting" classname="FooBarQix.AppTest" time="0.001"/>
  <system-out><![CDATA[]]></system-out>
  <system-err><![CDATA[]]></system-err>
</testsuite>
